<?xml version="1.0" encoding="UTF-8"?>
<!-- Generated by org.testng.reporters.JUnitReportReporter -->
<testsuite skipped="0" hostname="DESKTOP-FUR6L4J" name="Local_Project.Automation_Epic_Part_3.Test_Case_1" tests="1" failures="0" timestamp="04 Feb 2021 19:04:04 GMT" time="106.976" errors="0">
  <testcase name="test_1" time="106.976" classname="Local_Project.Automation_Epic_Part_3.Test_Case_1"/>
</testsuite> <!-- Local_Project.Automation_Epic_Part_3.Test_Case_1 -->
